{"/Users/joshua/Documents/Kuliah/Hacktive8/phase-2/IP-RMT56/server/app.js": {"path":"/Users/joshua/Documents/Kuliah/Hacktive8/phase-2/IP-RMT56/server/app.js","statementMap":{"0":{"start":{"line":1,"column":0},"end":{"line":3,"column":1}},"1":{"start":{"line":2,"column":2},"end":{"line":2,"column":29}},"2":{"start":{"line":4,"column":16},"end":{"line":4,"column":34}},"3":{"start":{"line":5,"column":12},"end":{"line":5,"column":21}},"4":{"start":{"line":6,"column":13},"end":{"line":6,"column":28}},"5":{"start":{"line":8,"column":21},"end":{"line":8,"column":58}},"6":{"start":{"line":10,"column":15},"end":{"line":10,"column":41}},"7":{"start":{"line":12,"column":0},"end":{"line":12,"column":16}},"8":{"start":{"line":14,"column":0},"end":{"line":14,"column":48}},"9":{"start":{"line":15,"column":0},"end":{"line":15,"column":24}},"10":{"start":{"line":33,"column":0},"end":{"line":33,"column":16}},"11":{"start":{"line":151,"column":0},"end":{"line":151,"column":22}},"12":{"start":{"line":153,"column":0},"end":{"line":153,"column":21}}},"fnMap":{},"branchMap":{"0":{"loc":{"start":{"line":1,"column":0},"end":{"line":3,"column":1}},"type":"if","locations":[{"start":{"line":1,"column":0},"end":{"line":3,"column":1}},{"start":{},"end":{}}],"line":1}},"s":{"0":4,"1":4,"2":4,"3":4,"4":4,"5":4,"6":4,"7":4,"8":4,"9":4,"10":4,"11":4,"12":4},"f":{},"b":{"0":[4,0]},"_coverageSchema":"1a1c01bbd47fc00a2c39e90264f33305004495a9","hash":"57a649eaba44d146b8d3fcda844d4c2e99957229"}
,"/Users/joshua/Documents/Kuliah/Hacktive8/phase-2/IP-RMT56/server/.api/apis/pplx/index.js": {"path":"/Users/joshua/Documents/Kuliah/Hacktive8/phase-2/IP-RMT56/server/.api/apis/pplx/index.js","statementMap":{"0":{"start":{"line":2,"column":22},"end":{"line":4,"column":1}},"1":{"start":{"line":3,"column":4},"end":{"line":3,"column":62}},"2":{"start":{"line":5,"column":12},"end":{"line":5,"column":43}},"3":{"start":{"line":6,"column":13},"end":{"line":6,"column":54}},"4":{"start":{"line":7,"column":21},"end":{"line":7,"column":63}},"5":{"start":{"line":8,"column":25},"end":{"line":86,"column":3}},"6":{"start":{"line":10,"column":8},"end":{"line":10,"column":63}},"7":{"start":{"line":11,"column":8},"end":{"line":11,"column":76}},"8":{"start":{"line":20,"column":4},"end":{"line":22,"column":6}},"9":{"start":{"line":21,"column":8},"end":{"line":21,"column":36}},"10":{"start":{"line":44,"column":4},"end":{"line":52,"column":6}},"11":{"start":{"line":46,"column":21},"end":{"line":46,"column":23}},"12":{"start":{"line":47,"column":8},"end":{"line":49,"column":9}},"13":{"start":{"line":47,"column":22},"end":{"line":47,"column":23}},"14":{"start":{"line":48,"column":12},"end":{"line":48,"column":39}},"15":{"start":{"line":50,"column":8},"end":{"line":50,"column":51}},"16":{"start":{"line":51,"column":8},"end":{"line":51,"column":20}},"17":{"start":{"line":72,"column":4},"end":{"line":75,"column":6}},"18":{"start":{"line":73,"column":8},"end":{"line":73,"column":53}},"19":{"start":{"line":73,"column":36},"end":{"line":73,"column":51}},"20":{"start":{"line":74,"column":8},"end":{"line":74,"column":44}},"21":{"start":{"line":82,"column":4},"end":{"line":84,"column":6}},"22":{"start":{"line":83,"column":8},"end":{"line":83,"column":66}},"23":{"start":{"line":85,"column":4},"end":{"line":85,"column":15}},"24":{"start":{"line":87,"column":16},"end":{"line":87,"column":53}},"25":{"start":{"line":87,"column":31},"end":{"line":87,"column":48}},"26":{"start":{"line":88,"column":0},"end":{"line":88,"column":27}}},"fnMap":{"0":{"name":"(anonymous_0)","decl":{"start":{"line":2,"column":56},"end":{"line":2,"column":57}},"loc":{"start":{"line":2,"column":71},"end":{"line":4,"column":1}},"line":2},"1":{"name":"(anonymous_1)","decl":{"start":{"line":8,"column":25},"end":{"line":8,"column":26}},"loc":{"start":{"line":8,"column":37},"end":{"line":86,"column":1}},"line":8},"2":{"name":"SDK","decl":{"start":{"line":9,"column":13},"end":{"line":9,"column":16}},"loc":{"start":{"line":9,"column":19},"end":{"line":12,"column":5}},"line":9},"3":{"name":"(anonymous_3)","decl":{"start":{"line":20,"column":27},"end":{"line":20,"column":28}},"loc":{"start":{"line":20,"column":45},"end":{"line":22,"column":5}},"line":20},"4":{"name":"(anonymous_4)","decl":{"start":{"line":44,"column":25},"end":{"line":44,"column":26}},"loc":{"start":{"line":44,"column":37},"end":{"line":52,"column":5}},"line":44},"5":{"name":"(anonymous_5)","decl":{"start":{"line":72,"column":27},"end":{"line":72,"column":28}},"loc":{"start":{"line":72,"column":53},"end":{"line":75,"column":5}},"line":72},"6":{"name":"(anonymous_6)","decl":{"start":{"line":82,"column":42},"end":{"line":82,"column":43}},"loc":{"start":{"line":82,"column":58},"end":{"line":84,"column":5}},"line":82},"7":{"name":"(anonymous_7)","decl":{"start":{"line":87,"column":17},"end":{"line":87,"column":18}},"loc":{"start":{"line":87,"column":29},"end":{"line":87,"column":50}},"line":87}},"branchMap":{"0":{"loc":{"start":{"line":2,"column":22},"end":{"line":4,"column":1}},"type":"binary-expr","locations":[{"start":{"line":2,"column":23},"end":{"line":2,"column":27}},{"start":{"line":2,"column":31},"end":{"line":2,"column":51}},{"start":{"line":2,"column":56},"end":{"line":4,"column":1}}],"line":2},"1":{"loc":{"start":{"line":3,"column":11},"end":{"line":3,"column":61}},"type":"cond-expr","locations":[{"start":{"line":3,"column":37},"end":{"line":3,"column":40}},{"start":{"line":3,"column":43},"end":{"line":3,"column":61}}],"line":3},"2":{"loc":{"start":{"line":3,"column":12},"end":{"line":3,"column":33}},"type":"binary-expr","locations":[{"start":{"line":3,"column":12},"end":{"line":3,"column":15}},{"start":{"line":3,"column":19},"end":{"line":3,"column":33}}],"line":3},"3":{"loc":{"start":{"line":73,"column":8},"end":{"line":73,"column":53}},"type":"if","locations":[{"start":{"line":73,"column":8},"end":{"line":73,"column":53}},{"start":{},"end":{}}],"line":73}},"s":{"0":4,"1":12,"2":4,"3":4,"4":4,"5":4,"6":4,"7":4,"8":4,"9":0,"10":4,"11":2,"12":2,"13":2,"14":2,"15":2,"16":2,"17":4,"18":0,"19":0,"20":0,"21":4,"22":2,"23":4,"24":4,"25":4,"26":4},"f":{"0":12,"1":4,"2":4,"3":0,"4":2,"5":0,"6":2,"7":4},"b":{"0":[4,4,4],"1":[8,4],"2":[12,12],"3":[0,0]},"_coverageSchema":"1a1c01bbd47fc00a2c39e90264f33305004495a9","hash":"96c5e6bf3f2af042bf86940b1b749c37e531cbf6"}
,"/Users/joshua/Documents/Kuliah/Hacktive8/phase-2/IP-RMT56/server/controllers/controller.js": {"path":"/Users/joshua/Documents/Kuliah/Hacktive8/phase-2/IP-RMT56/server/controllers/controller.js","statementMap":{"0":{"start":{"line":1,"column":42},"end":{"line":1,"column":62}},"1":{"start":{"line":2,"column":28},"end":{"line":2,"column":56}},"2":{"start":{"line":3,"column":22},"end":{"line":3,"column":47}},"3":{"start":{"line":4,"column":15},"end":{"line":4,"column":35}},"4":{"start":{"line":5,"column":20},"end":{"line":5,"column":48}},"5":{"start":{"line":6,"column":25},"end":{"line":6,"column":55}},"6":{"start":{"line":7,"column":15},"end":{"line":7,"column":33}},"7":{"start":{"line":8,"column":0},"end":{"line":8,"column":27}},"8":{"start":{"line":12,"column":4},"end":{"line":27,"column":5}},"9":{"start":{"line":13,"column":34},"end":{"line":13,"column":42}},"10":{"start":{"line":14,"column":6},"end":{"line":16,"column":7}},"11":{"start":{"line":15,"column":8},"end":{"line":15,"column":67}},"12":{"start":{"line":17,"column":6},"end":{"line":19,"column":7}},"13":{"start":{"line":18,"column":8},"end":{"line":18,"column":70}},"14":{"start":{"line":20,"column":22},"end":{"line":20,"column":60}},"15":{"start":{"line":21,"column":27},"end":{"line":21,"column":56}},"16":{"start":{"line":22,"column":6},"end":{"line":24,"column":70}},"17":{"start":{"line":26,"column":6},"end":{"line":26,"column":18}},"18":{"start":{"line":31,"column":4},"end":{"line":51,"column":5}},"19":{"start":{"line":32,"column":34},"end":{"line":32,"column":42}},"20":{"start":{"line":33,"column":6},"end":{"line":35,"column":7}},"21":{"start":{"line":34,"column":8},"end":{"line":34,"column":67}},"22":{"start":{"line":36,"column":6},"end":{"line":38,"column":7}},"23":{"start":{"line":37,"column":8},"end":{"line":37,"column":70}},"24":{"start":{"line":39,"column":19},"end":{"line":39,"column":59}},"25":{"start":{"line":40,"column":6},"end":{"line":42,"column":7}},"26":{"start":{"line":41,"column":8},"end":{"line":41,"column":74}},"27":{"start":{"line":43,"column":30},"end":{"line":43,"column":70}},"28":{"start":{"line":44,"column":6},"end":{"line":46,"column":7}},"29":{"start":{"line":45,"column":8},"end":{"line":45,"column":74}},"30":{"start":{"line":47,"column":27},"end":{"line":47,"column":53}},"31":{"start":{"line":48,"column":6},"end":{"line":48,"column":45}},"32":{"start":{"line":50,"column":6},"end":{"line":50,"column":18}},"33":{"start":{"line":55,"column":4},"end":{"line":72,"column":5}},"34":{"start":{"line":56,"column":21},"end":{"line":59,"column":8}},"35":{"start":{"line":60,"column":22},"end":{"line":60,"column":41}},"36":{"start":{"line":62,"column":22},"end":{"line":65,"column":8}},"37":{"start":{"line":66,"column":27},"end":{"line":66,"column":56}},"38":{"start":{"line":67,"column":6},"end":{"line":69,"column":70}},"39":{"start":{"line":71,"column":6},"end":{"line":71,"column":18}},"40":{"start":{"line":76,"column":4},"end":{"line":90,"column":5}},"41":{"start":{"line":77,"column":21},"end":{"line":80,"column":8}},"42":{"start":{"line":81,"column":22},"end":{"line":81,"column":41}},"43":{"start":{"line":83,"column":17},"end":{"line":85,"column":8}},"44":{"start":{"line":86,"column":27},"end":{"line":86,"column":53}},"45":{"start":{"line":87,"column":6},"end":{"line":87,"column":71}},"46":{"start":{"line":89,"column":6},"end":{"line":89,"column":18}},"47":{"start":{"line":94,"column":4},"end":{"line":140,"column":5}},"48":{"start":{"line":102,"column":10},"end":{"line":102,"column":18}},"49":{"start":{"line":104,"column":19},"end":{"line":114,"column":7}},"50":{"start":{"line":115,"column":6},"end":{"line":115,"column":26}},"51":{"start":{"line":117,"column":25},"end":{"line":126,"column":8}},"52":{"start":{"line":127,"column":6},"end":{"line":137,"column":9}},"53":{"start":{"line":139,"column":6},"end":{"line":139,"column":18}},"54":{"start":{"line":144,"column":4},"end":{"line":174,"column":5}},"55":{"start":{"line":145,"column":20},"end":{"line":147,"column":7}},"56":{"start":{"line":148,"column":39},"end":{"line":148,"column":48}},"57":{"start":{"line":149,"column":6},"end":{"line":155,"column":7}},"58":{"start":{"line":150,"column":8},"end":{"line":154,"column":10}},"59":{"start":{"line":156,"column":6},"end":{"line":160,"column":7}},"60":{"start":{"line":157,"column":8},"end":{"line":157,"column":46}},"61":{"start":{"line":159,"column":8},"end":{"line":159,"column":40}},"62":{"start":{"line":161,"column":22},"end":{"line":161,"column":33}},"63":{"start":{"line":162,"column":23},"end":{"line":162,"column":32}},"64":{"start":{"line":163,"column":6},"end":{"line":163,"column":32}},"65":{"start":{"line":164,"column":6},"end":{"line":164,"column":52}},"66":{"start":{"line":165,"column":30},"end":{"line":165,"column":65}},"67":{"start":{"line":166,"column":6},"end":{"line":171,"column":9}},"68":{"start":{"line":173,"column":6},"end":{"line":173,"column":18}},"69":{"start":{"line":178,"column":4},"end":{"line":183,"column":5}},"70":{"start":{"line":179,"column":19},"end":{"line":179,"column":53}},"71":{"start":{"line":180,"column":6},"end":{"line":180,"column":33}},"72":{"start":{"line":182,"column":6},"end":{"line":182,"column":18}},"73":{"start":{"line":187,"column":4},"end":{"line":194,"column":5}},"74":{"start":{"line":188,"column":22},"end":{"line":190,"column":8}},"75":{"start":{"line":191,"column":6},"end":{"line":191,"column":36}},"76":{"start":{"line":193,"column":6},"end":{"line":193,"column":18}},"77":{"start":{"line":198,"column":4},"end":{"line":242,"column":5}},"78":{"start":{"line":206,"column":10},"end":{"line":206,"column":18}},"79":{"start":{"line":208,"column":19},"end":{"line":218,"column":7}},"80":{"start":{"line":219,"column":6},"end":{"line":219,"column":26}},"81":{"start":{"line":220,"column":22},"end":{"line":234,"column":7}},"82":{"start":{"line":236,"column":6},"end":{"line":239,"column":9}},"83":{"start":{"line":241,"column":6},"end":{"line":241,"column":18}},"84":{"start":{"line":246,"column":4},"end":{"line":263,"column":5}},"85":{"start":{"line":247,"column":20},"end":{"line":259,"column":8}},"86":{"start":{"line":260,"column":6},"end":{"line":260,"column":34}},"87":{"start":{"line":262,"column":6},"end":{"line":262,"column":18}},"88":{"start":{"line":267,"column":4},"end":{"line":285,"column":5}},"89":{"start":{"line":268,"column":66},"end":{"line":268,"column":74}},"90":{"start":{"line":269,"column":22},"end":{"line":276,"column":8}},"91":{"start":{"line":277,"column":6},"end":{"line":282,"column":9}},"92":{"start":{"line":284,"column":6},"end":{"line":284,"column":18}},"93":{"start":{"line":289,"column":4},"end":{"line":308,"column":5}},"94":{"start":{"line":290,"column":21},"end":{"line":290,"column":31}},"95":{"start":{"line":291,"column":58},"end":{"line":291,"column":66}},"96":{"start":{"line":292,"column":19},"end":{"line":292,"column":46}},"97":{"start":{"line":293,"column":6},"end":{"line":295,"column":7}},"98":{"start":{"line":294,"column":8},"end":{"line":294,"column":62}},"99":{"start":{"line":296,"column":6},"end":{"line":298,"column":7}},"100":{"start":{"line":297,"column":8},"end":{"line":297,"column":71}},"101":{"start":{"line":299,"column":6},"end":{"line":302,"column":8}},"102":{"start":{"line":303,"column":6},"end":{"line":305,"column":9}},"103":{"start":{"line":307,"column":6},"end":{"line":307,"column":18}},"104":{"start":{"line":312,"column":4},"end":{"line":327,"column":5}},"105":{"start":{"line":313,"column":21},"end":{"line":313,"column":31}},"106":{"start":{"line":314,"column":19},"end":{"line":314,"column":46}},"107":{"start":{"line":315,"column":6},"end":{"line":317,"column":7}},"108":{"start":{"line":316,"column":8},"end":{"line":316,"column":62}},"109":{"start":{"line":318,"column":6},"end":{"line":320,"column":7}},"110":{"start":{"line":319,"column":8},"end":{"line":319,"column":71}},"111":{"start":{"line":321,"column":6},"end":{"line":321,"column":48}},"112":{"start":{"line":322,"column":6},"end":{"line":324,"column":9}},"113":{"start":{"line":326,"column":6},"end":{"line":326,"column":18}},"114":{"start":{"line":331,"column":4},"end":{"line":349,"column":5}},"115":{"start":{"line":332,"column":20},"end":{"line":345,"column":8}},"116":{"start":{"line":346,"column":6},"end":{"line":346,"column":34}},"117":{"start":{"line":348,"column":6},"end":{"line":348,"column":18}},"118":{"start":{"line":353,"column":0},"end":{"line":353,"column":32}}},"fnMap":{"0":{"name":"(anonymous_0)","decl":{"start":{"line":11,"column":2},"end":{"line":11,"column":3}},"loc":{"start":{"line":11,"column":40},"end":{"line":28,"column":3}},"line":11},"1":{"name":"(anonymous_1)","decl":{"start":{"line":30,"column":2},"end":{"line":30,"column":3}},"loc":{"start":{"line":30,"column":37},"end":{"line":52,"column":3}},"line":30},"2":{"name":"(anonymous_2)","decl":{"start":{"line":54,"column":2},"end":{"line":54,"column":3}},"loc":{"start":{"line":54,"column":46},"end":{"line":73,"column":3}},"line":54},"3":{"name":"(anonymous_3)","decl":{"start":{"line":75,"column":2},"end":{"line":75,"column":3}},"loc":{"start":{"line":75,"column":43},"end":{"line":91,"column":3}},"line":75},"4":{"name":"(anonymous_4)","decl":{"start":{"line":93,"column":2},"end":{"line":93,"column":3}},"loc":{"start":{"line":93,"column":45},"end":{"line":141,"column":3}},"line":93},"5":{"name":"(anonymous_5)","decl":{"start":{"line":143,"column":2},"end":{"line":143,"column":3}},"loc":{"start":{"line":143,"column":43},"end":{"line":175,"column":3}},"line":143},"6":{"name":"(anonymous_6)","decl":{"start":{"line":177,"column":2},"end":{"line":177,"column":3}},"loc":{"start":{"line":177,"column":43},"end":{"line":184,"column":3}},"line":177},"7":{"name":"(anonymous_7)","decl":{"start":{"line":186,"column":2},"end":{"line":186,"column":3}},"loc":{"start":{"line":186,"column":42},"end":{"line":195,"column":3}},"line":186},"8":{"name":"(anonymous_8)","decl":{"start":{"line":197,"column":2},"end":{"line":197,"column":3}},"loc":{"start":{"line":197,"column":45},"end":{"line":243,"column":3}},"line":197},"9":{"name":"(anonymous_9)","decl":{"start":{"line":245,"column":2},"end":{"line":245,"column":3}},"loc":{"start":{"line":245,"column":47},"end":{"line":264,"column":3}},"line":245},"10":{"name":"(anonymous_10)","decl":{"start":{"line":266,"column":2},"end":{"line":266,"column":3}},"loc":{"start":{"line":266,"column":47},"end":{"line":286,"column":3}},"line":266},"11":{"name":"(anonymous_11)","decl":{"start":{"line":288,"column":2},"end":{"line":288,"column":3}},"loc":{"start":{"line":288,"column":50},"end":{"line":309,"column":3}},"line":288},"12":{"name":"(anonymous_12)","decl":{"start":{"line":311,"column":2},"end":{"line":311,"column":3}},"loc":{"start":{"line":311,"column":50},"end":{"line":328,"column":3}},"line":311},"13":{"name":"(anonymous_13)","decl":{"start":{"line":330,"column":2},"end":{"line":330,"column":3}},"loc":{"start":{"line":330,"column":44},"end":{"line":350,"column":3}},"line":330}},"branchMap":{"0":{"loc":{"start":{"line":14,"column":6},"end":{"line":16,"column":7}},"type":"if","locations":[{"start":{"line":14,"column":6},"end":{"line":16,"column":7}},{"start":{},"end":{}}],"line":14},"1":{"loc":{"start":{"line":17,"column":6},"end":{"line":19,"column":7}},"type":"if","locations":[{"start":{"line":17,"column":6},"end":{"line":19,"column":7}},{"start":{},"end":{}}],"line":17},"2":{"loc":{"start":{"line":33,"column":6},"end":{"line":35,"column":7}},"type":"if","locations":[{"start":{"line":33,"column":6},"end":{"line":35,"column":7}},{"start":{},"end":{}}],"line":33},"3":{"loc":{"start":{"line":36,"column":6},"end":{"line":38,"column":7}},"type":"if","locations":[{"start":{"line":36,"column":6},"end":{"line":38,"column":7}},{"start":{},"end":{}}],"line":36},"4":{"loc":{"start":{"line":40,"column":6},"end":{"line":42,"column":7}},"type":"if","locations":[{"start":{"line":40,"column":6},"end":{"line":42,"column":7}},{"start":{},"end":{}}],"line":40},"5":{"loc":{"start":{"line":44,"column":6},"end":{"line":46,"column":7}},"type":"if","locations":[{"start":{"line":44,"column":6},"end":{"line":46,"column":7}},{"start":{},"end":{}}],"line":44},"6":{"loc":{"start":{"line":149,"column":6},"end":{"line":155,"column":7}},"type":"if","locations":[{"start":{"line":149,"column":6},"end":{"line":155,"column":7}},{"start":{},"end":{}}],"line":149},"7":{"loc":{"start":{"line":156,"column":6},"end":{"line":160,"column":7}},"type":"if","locations":[{"start":{"line":156,"column":6},"end":{"line":160,"column":7}},{"start":{"line":158,"column":13},"end":{"line":160,"column":7}}],"line":156},"8":{"loc":{"start":{"line":161,"column":22},"end":{"line":161,"column":33}},"type":"binary-expr","locations":[{"start":{"line":161,"column":22},"end":{"line":161,"column":27}},{"start":{"line":161,"column":31},"end":{"line":161,"column":33}}],"line":161},"9":{"loc":{"start":{"line":162,"column":23},"end":{"line":162,"column":32}},"type":"binary-expr","locations":[{"start":{"line":162,"column":23},"end":{"line":162,"column":27}},{"start":{"line":162,"column":31},"end":{"line":162,"column":32}}],"line":162},"10":{"loc":{"start":{"line":167,"column":14},"end":{"line":167,"column":29}},"type":"binary-expr","locations":[{"start":{"line":167,"column":14},"end":{"line":167,"column":24}},{"start":{"line":167,"column":28},"end":{"line":167,"column":29}}],"line":167},"11":{"loc":{"start":{"line":170,"column":19},"end":{"line":170,"column":52}},"type":"binary-expr","locations":[{"start":{"line":170,"column":19},"end":{"line":170,"column":47}},{"start":{"line":170,"column":51},"end":{"line":170,"column":52}}],"line":170},"12":{"loc":{"start":{"line":293,"column":6},"end":{"line":295,"column":7}},"type":"if","locations":[{"start":{"line":293,"column":6},"end":{"line":295,"column":7}},{"start":{},"end":{}}],"line":293},"13":{"loc":{"start":{"line":296,"column":6},"end":{"line":298,"column":7}},"type":"if","locations":[{"start":{"line":296,"column":6},"end":{"line":298,"column":7}},{"start":{},"end":{}}],"line":296},"14":{"loc":{"start":{"line":315,"column":6},"end":{"line":317,"column":7}},"type":"if","locations":[{"start":{"line":315,"column":6},"end":{"line":317,"column":7}},{"start":{},"end":{}}],"line":315},"15":{"loc":{"start":{"line":318,"column":6},"end":{"line":320,"column":7}},"type":"if","locations":[{"start":{"line":318,"column":6},"end":{"line":320,"column":7}},{"start":{},"end":{}}],"line":318}},"s":{"0":4,"1":4,"2":4,"3":4,"4":4,"5":4,"6":4,"7":4,"8":4,"9":4,"10":4,"11":1,"12":3,"13":1,"14":2,"15":1,"16":1,"17":3,"18":4,"19":4,"20":4,"21":1,"22":3,"23":1,"24":2,"25":2,"26":0,"27":2,"28":2,"29":1,"30":1,"31":1,"32":3,"33":0,"34":0,"35":0,"36":0,"37":0,"38":0,"39":0,"40":0,"41":0,"42":0,"43":0,"44":0,"45":0,"46":0,"47":1,"48":1,"49":1,"50":1,"51":1,"52":1,"53":0,"54":1,"55":1,"56":1,"57":1,"58":0,"59":1,"60":0,"61":1,"62":1,"63":1,"64":1,"65":1,"66":1,"67":1,"68":0,"69":1,"70":1,"71":1,"72":0,"73":1,"74":1,"75":1,"76":0,"77":1,"78":1,"79":1,"80":1,"81":1,"82":1,"83":0,"84":1,"85":1,"86":1,"87":0,"88":1,"89":1,"90":1,"91":1,"92":0,"93":2,"94":2,"95":2,"96":2,"97":2,"98":1,"99":1,"100":0,"101":1,"102":1,"103":1,"104":1,"105":1,"106":1,"107":1,"108":0,"109":1,"110":0,"111":1,"112":1,"113":0,"114":0,"115":0,"116":0,"117":0,"118":4},"f":{"0":4,"1":4,"2":0,"3":0,"4":1,"5":1,"6":1,"7":1,"8":1,"9":1,"10":1,"11":2,"12":1,"13":0},"b":{"0":[1,3],"1":[1,2],"2":[1,3],"3":[1,2],"4":[0,2],"5":[1,1],"6":[0,1],"7":[0,1],"8":[1,1],"9":[1,1],"10":[1,0],"11":[1,0],"12":[1,1],"13":[0,1],"14":[0,1],"15":[0,1]},"_coverageSchema":"1a1c01bbd47fc00a2c39e90264f33305004495a9","hash":"442e9bf2f015c1f1fc92dd9cd24f208487ba0f57"}
,"/Users/joshua/Documents/Kuliah/Hacktive8/phase-2/IP-RMT56/server/helpers/bcrypt.js": {"path":"/Users/joshua/Documents/Kuliah/Hacktive8/phase-2/IP-RMT56/server/helpers/bcrypt.js","statementMap":{"0":{"start":{"line":1,"column":15},"end":{"line":1,"column":32}},"1":{"start":{"line":2,"column":21},"end":{"line":5,"column":1}},"2":{"start":{"line":3,"column":15},"end":{"line":3,"column":37}},"3":{"start":{"line":4,"column":2},"end":{"line":4,"column":39}},"4":{"start":{"line":7,"column":24},"end":{"line":9,"column":1}},"5":{"start":{"line":8,"column":2},"end":{"line":8,"column":54}},"6":{"start":{"line":11,"column":0},"end":{"line":11,"column":51}}},"fnMap":{"0":{"name":"(anonymous_0)","decl":{"start":{"line":2,"column":21},"end":{"line":2,"column":22}},"loc":{"start":{"line":2,"column":35},"end":{"line":5,"column":1}},"line":2},"1":{"name":"(anonymous_1)","decl":{"start":{"line":7,"column":24},"end":{"line":7,"column":25}},"loc":{"start":{"line":7,"column":54},"end":{"line":9,"column":1}},"line":7}},"branchMap":{},"s":{"0":4,"1":4,"2":6,"3":6,"4":4,"5":2,"6":4},"f":{"0":6,"1":2},"b":{},"_coverageSchema":"1a1c01bbd47fc00a2c39e90264f33305004495a9","hash":"f3dd16b7795f968839028492ca45ac36e25abefb"}
,"/Users/joshua/Documents/Kuliah/Hacktive8/phase-2/IP-RMT56/server/helpers/jwt.js": {"path":"/Users/joshua/Documents/Kuliah/Hacktive8/phase-2/IP-RMT56/server/helpers/jwt.js","statementMap":{"0":{"start":{"line":1,"column":12},"end":{"line":1,"column":35}},"1":{"start":{"line":2,"column":18},"end":{"line":2,"column":44}},"2":{"start":{"line":3,"column":18},"end":{"line":5,"column":1}},"3":{"start":{"line":4,"column":2},"end":{"line":4,"column":38}},"4":{"start":{"line":7,"column":20},"end":{"line":9,"column":1}},"5":{"start":{"line":8,"column":2},"end":{"line":8,"column":38}},"6":{"start":{"line":11,"column":0},"end":{"line":11,"column":44}}},"fnMap":{"0":{"name":"(anonymous_0)","decl":{"start":{"line":3,"column":18},"end":{"line":3,"column":19}},"loc":{"start":{"line":3,"column":31},"end":{"line":5,"column":1}},"line":3},"1":{"name":"(anonymous_1)","decl":{"start":{"line":7,"column":20},"end":{"line":7,"column":21}},"loc":{"start":{"line":7,"column":31},"end":{"line":9,"column":1}},"line":7}},"branchMap":{},"s":{"0":4,"1":4,"2":4,"3":4,"4":4,"5":15,"6":4},"f":{"0":4,"1":15},"b":{},"_coverageSchema":"1a1c01bbd47fc00a2c39e90264f33305004495a9","hash":"dd858eef782d83ee29f2d16b78530618f729b567"}
,"/Users/joshua/Documents/Kuliah/Hacktive8/phase-2/IP-RMT56/server/helpers/pplxai.js": {"path":"/Users/joshua/Documents/Kuliah/Hacktive8/phase-2/IP-RMT56/server/helpers/pplxai.js","statementMap":{"0":{"start":{"line":1,"column":0},"end":{"line":1,"column":27}},"1":{"start":{"line":3,"column":13},"end":{"line":3,"column":33}},"2":{"start":{"line":5,"column":20},"end":{"line":27,"column":1}},"3":{"start":{"line":6,"column":2},"end":{"line":6,"column":38}},"4":{"start":{"line":7,"column":2},"end":{"line":26,"column":3}},"5":{"start":{"line":8,"column":21},"end":{"line":20,"column":6}},"6":{"start":{"line":21,"column":4},"end":{"line":21,"column":22}},"7":{"start":{"line":22,"column":4},"end":{"line":22,"column":43}},"8":{"start":{"line":24,"column":4},"end":{"line":24,"column":23}},"9":{"start":{"line":25,"column":4},"end":{"line":25,"column":14}},"10":{"start":{"line":29,"column":0},"end":{"line":29,"column":29}}},"fnMap":{"0":{"name":"(anonymous_0)","decl":{"start":{"line":5,"column":20},"end":{"line":5,"column":21}},"loc":{"start":{"line":5,"column":39},"end":{"line":27,"column":1}},"line":5}},"branchMap":{},"s":{"0":4,"1":4,"2":4,"3":2,"4":2,"5":2,"6":2,"7":2,"8":0,"9":0,"10":4},"f":{"0":2},"b":{},"_coverageSchema":"1a1c01bbd47fc00a2c39e90264f33305004495a9","hash":"1c21e339dc93fa6c4e4237ad478ec7265269bfa5"}
,"/Users/joshua/Documents/Kuliah/Hacktive8/phase-2/IP-RMT56/server/middlewares/authentication.js": {"path":"/Users/joshua/Documents/Kuliah/Hacktive8/phase-2/IP-RMT56/server/middlewares/authentication.js","statementMap":{"0":{"start":{"line":1,"column":17},"end":{"line":1,"column":37}},"1":{"start":{"line":2,"column":24},"end":{"line":2,"column":49}},"2":{"start":{"line":5,"column":2},"end":{"line":26,"column":3}},"3":{"start":{"line":6,"column":24},"end":{"line":6,"column":49}},"4":{"start":{"line":8,"column":4},"end":{"line":10,"column":5}},"5":{"start":{"line":9,"column":6},"end":{"line":9,"column":63}},"6":{"start":{"line":11,"column":18},"end":{"line":11,"column":43}},"7":{"start":{"line":12,"column":4},"end":{"line":14,"column":5}},"8":{"start":{"line":13,"column":6},"end":{"line":13,"column":63}},"9":{"start":{"line":16,"column":17},"end":{"line":16,"column":35}},"10":{"start":{"line":17,"column":17},"end":{"line":17,"column":45}},"11":{"start":{"line":18,"column":4},"end":{"line":20,"column":5}},"12":{"start":{"line":19,"column":6},"end":{"line":19,"column":63}},"13":{"start":{"line":22,"column":4},"end":{"line":22,"column":20}},"14":{"start":{"line":23,"column":4},"end":{"line":23,"column":11}},"15":{"start":{"line":25,"column":4},"end":{"line":25,"column":16}},"16":{"start":{"line":29,"column":0},"end":{"line":29,"column":36}}},"fnMap":{"0":{"name":"authentication","decl":{"start":{"line":4,"column":15},"end":{"line":4,"column":29}},"loc":{"start":{"line":4,"column":46},"end":{"line":27,"column":1}},"line":4}},"branchMap":{"0":{"loc":{"start":{"line":8,"column":4},"end":{"line":10,"column":5}},"type":"if","locations":[{"start":{"line":8,"column":4},"end":{"line":10,"column":5}},{"start":{},"end":{}}],"line":8},"1":{"loc":{"start":{"line":12,"column":4},"end":{"line":14,"column":5}},"type":"if","locations":[{"start":{"line":12,"column":4},"end":{"line":14,"column":5}},{"start":{},"end":{}}],"line":12},"2":{"loc":{"start":{"line":18,"column":4},"end":{"line":20,"column":5}},"type":"if","locations":[{"start":{"line":18,"column":4},"end":{"line":20,"column":5}},{"start":{},"end":{}}],"line":18}},"s":{"0":4,"1":4,"2":15,"3":15,"4":15,"5":0,"6":15,"7":15,"8":0,"9":15,"10":10,"11":10,"12":0,"13":10,"14":10,"15":5,"16":4},"f":{"0":15},"b":{"0":[0,15],"1":[0,15],"2":[0,10]},"_coverageSchema":"1a1c01bbd47fc00a2c39e90264f33305004495a9","hash":"5bd0fb7bbf6d81aa92745ee5c0ffd27c3167101b"}
,"/Users/joshua/Documents/Kuliah/Hacktive8/phase-2/IP-RMT56/server/middlewares/errorHandler.js": {"path":"/Users/joshua/Documents/Kuliah/Hacktive8/phase-2/IP-RMT56/server/middlewares/errorHandler.js","statementMap":{"0":{"start":{"line":2,"column":2},"end":{"line":2,"column":21}},"1":{"start":{"line":3,"column":2},"end":{"line":19,"column":3}},"2":{"start":{"line":6,"column":6},"end":{"line":6,"column":72}},"3":{"start":{"line":8,"column":6},"end":{"line":8,"column":62}},"4":{"start":{"line":10,"column":6},"end":{"line":10,"column":62}},"5":{"start":{"line":12,"column":6},"end":{"line":12,"column":62}},"6":{"start":{"line":14,"column":6},"end":{"line":14,"column":62}},"7":{"start":{"line":16,"column":6},"end":{"line":16,"column":64}},"8":{"start":{"line":18,"column":6},"end":{"line":18,"column":72}},"9":{"start":{"line":22,"column":0},"end":{"line":22,"column":30}}},"fnMap":{"0":{"name":"errorHandler","decl":{"start":{"line":1,"column":9},"end":{"line":1,"column":21}},"loc":{"start":{"line":1,"column":45},"end":{"line":20,"column":1}},"line":1}},"branchMap":{"0":{"loc":{"start":{"line":3,"column":2},"end":{"line":19,"column":3}},"type":"switch","locations":[{"start":{"line":4,"column":4},"end":{"line":4,"column":36}},{"start":{"line":5,"column":4},"end":{"line":6,"column":72}},{"start":{"line":7,"column":4},"end":{"line":8,"column":62}},{"start":{"line":9,"column":4},"end":{"line":10,"column":62}},{"start":{"line":11,"column":4},"end":{"line":12,"column":62}},{"start":{"line":13,"column":4},"end":{"line":14,"column":62}},{"start":{"line":15,"column":4},"end":{"line":16,"column":64}},{"start":{"line":17,"column":4},"end":{"line":18,"column":72}}],"line":3}},"s":{"0":12,"1":12,"2":1,"3":4,"4":1,"5":0,"6":1,"7":5,"8":0,"9":4},"f":{"0":12},"b":{"0":[0,1,4,1,0,1,5,0]},"_coverageSchema":"1a1c01bbd47fc00a2c39e90264f33305004495a9","hash":"e63fc8fb85fc74b3a5cc322423b7d169235ea0a3"}
,"/Users/joshua/Documents/Kuliah/Hacktive8/phase-2/IP-RMT56/server/models/drug.js": {"path":"/Users/joshua/Documents/Kuliah/Hacktive8/phase-2/IP-RMT56/server/models/drug.js","statementMap":{"0":{"start":{"line":2,"column":18},"end":{"line":2,"column":38}},"1":{"start":{"line":3,"column":0},"end":{"line":32,"column":2}},"2":{"start":{"line":12,"column":6},"end":{"line":15,"column":9}},"3":{"start":{"line":18,"column":2},"end":{"line":30,"column":4}},"4":{"start":{"line":31,"column":2},"end":{"line":31,"column":14}}},"fnMap":{"0":{"name":"(anonymous_0)","decl":{"start":{"line":3,"column":17},"end":{"line":3,"column":18}},"loc":{"start":{"line":3,"column":43},"end":{"line":32,"column":1}},"line":3},"1":{"name":"(anonymous_1)","decl":{"start":{"line":10,"column":4},"end":{"line":10,"column":5}},"loc":{"start":{"line":10,"column":29},"end":{"line":16,"column":5}},"line":10}},"branchMap":{},"s":{"0":4,"1":4,"2":4,"3":4,"4":4},"f":{"0":4,"1":4},"b":{},"_coverageSchema":"1a1c01bbd47fc00a2c39e90264f33305004495a9","hash":"b583afd7fca807597ea212648a0dd0aba23bcfab"}
,"/Users/joshua/Documents/Kuliah/Hacktive8/phase-2/IP-RMT56/server/models/index.js": {"path":"/Users/joshua/Documents/Kuliah/Hacktive8/phase-2/IP-RMT56/server/models/index.js","statementMap":{"0":{"start":{"line":3,"column":11},"end":{"line":3,"column":24}},"1":{"start":{"line":4,"column":13},"end":{"line":4,"column":28}},"2":{"start":{"line":5,"column":18},"end":{"line":5,"column":38}},"3":{"start":{"line":6,"column":16},"end":{"line":6,"column":34}},"4":{"start":{"line":7,"column":17},"end":{"line":7,"column":42}},"5":{"start":{"line":8,"column":12},"end":{"line":8,"column":49}},"6":{"start":{"line":9,"column":15},"end":{"line":9,"column":65}},"7":{"start":{"line":10,"column":11},"end":{"line":10,"column":13}},"8":{"start":{"line":13,"column":0},"end":{"line":17,"column":1}},"9":{"start":{"line":14,"column":2},"end":{"line":14,"column":74}},"10":{"start":{"line":16,"column":2},"end":{"line":16,"column":87}},"11":{"start":{"line":19,"column":0},"end":{"line":32,"column":5}},"12":{"start":{"line":22,"column":4},"end":{"line":27,"column":6}},"13":{"start":{"line":30,"column":18},"end":{"line":30,"column":85}},"14":{"start":{"line":31,"column":4},"end":{"line":31,"column":27}},"15":{"start":{"line":34,"column":0},"end":{"line":38,"column":3}},"16":{"start":{"line":35,"column":2},"end":{"line":37,"column":3}},"17":{"start":{"line":36,"column":4},"end":{"line":36,"column":32}},"18":{"start":{"line":40,"column":0},"end":{"line":40,"column":25}},"19":{"start":{"line":41,"column":0},"end":{"line":41,"column":25}},"20":{"start":{"line":43,"column":0},"end":{"line":43,"column":20}}},"fnMap":{"0":{"name":"(anonymous_0)","decl":{"start":{"line":21,"column":10},"end":{"line":21,"column":11}},"loc":{"start":{"line":21,"column":18},"end":{"line":28,"column":3}},"line":21},"1":{"name":"(anonymous_1)","decl":{"start":{"line":29,"column":11},"end":{"line":29,"column":12}},"loc":{"start":{"line":29,"column":19},"end":{"line":32,"column":3}},"line":29},"2":{"name":"(anonymous_2)","decl":{"start":{"line":34,"column":24},"end":{"line":34,"column":25}},"loc":{"start":{"line":34,"column":37},"end":{"line":38,"column":1}},"line":34}},"branchMap":{"0":{"loc":{"start":{"line":8,"column":12},"end":{"line":8,"column":49}},"type":"binary-expr","locations":[{"start":{"line":8,"column":12},"end":{"line":8,"column":32}},{"start":{"line":8,"column":36},"end":{"line":8,"column":49}}],"line":8},"1":{"loc":{"start":{"line":13,"column":0},"end":{"line":17,"column":1}},"type":"if","locations":[{"start":{"line":13,"column":0},"end":{"line":17,"column":1}},{"start":{"line":15,"column":7},"end":{"line":17,"column":1}}],"line":13},"2":{"loc":{"start":{"line":23,"column":6},"end":{"line":26,"column":37}},"type":"binary-expr","locations":[{"start":{"line":23,"column":6},"end":{"line":23,"column":29}},{"start":{"line":24,"column":6},"end":{"line":24,"column":23}},{"start":{"line":25,"column":6},"end":{"line":25,"column":30}},{"start":{"line":26,"column":6},"end":{"line":26,"column":37}}],"line":23},"3":{"loc":{"start":{"line":35,"column":2},"end":{"line":37,"column":3}},"type":"if","locations":[{"start":{"line":35,"column":2},"end":{"line":37,"column":3}},{"start":{},"end":{}}],"line":35}},"s":{"0":4,"1":4,"2":4,"3":4,"4":4,"5":4,"6":4,"7":4,"8":4,"9":0,"10":4,"11":4,"12":20,"13":16,"14":16,"15":4,"16":16,"17":16,"18":4,"19":4,"20":4},"f":{"0":20,"1":16,"2":16},"b":{"0":[4,0],"1":[0,4],"2":[20,20,16,16],"3":[16,0]},"_coverageSchema":"1a1c01bbd47fc00a2c39e90264f33305004495a9","hash":"44e927eecc5748d784f7c96b00893c3f7de9566f"}
,"/Users/joshua/Documents/Kuliah/Hacktive8/phase-2/IP-RMT56/server/models/profile.js": {"path":"/Users/joshua/Documents/Kuliah/Hacktive8/phase-2/IP-RMT56/server/models/profile.js","statementMap":{"0":{"start":{"line":2,"column":18},"end":{"line":2,"column":38}},"1":{"start":{"line":3,"column":0},"end":{"line":34,"column":2}},"2":{"start":{"line":12,"column":6},"end":{"line":14,"column":9}},"3":{"start":{"line":17,"column":2},"end":{"line":32,"column":4}},"4":{"start":{"line":33,"column":2},"end":{"line":33,"column":17}}},"fnMap":{"0":{"name":"(anonymous_0)","decl":{"start":{"line":3,"column":17},"end":{"line":3,"column":18}},"loc":{"start":{"line":3,"column":43},"end":{"line":34,"column":1}},"line":3},"1":{"name":"(anonymous_1)","decl":{"start":{"line":10,"column":4},"end":{"line":10,"column":5}},"loc":{"start":{"line":10,"column":29},"end":{"line":15,"column":5}},"line":10}},"branchMap":{},"s":{"0":4,"1":4,"2":4,"3":4,"4":4},"f":{"0":4,"1":4},"b":{},"_coverageSchema":"1a1c01bbd47fc00a2c39e90264f33305004495a9","hash":"67cd735420b898d3c0a18771cfe10b28b006dbb1"}
,"/Users/joshua/Documents/Kuliah/Hacktive8/phase-2/IP-RMT56/server/models/user.js": {"path":"/Users/joshua/Documents/Kuliah/Hacktive8/phase-2/IP-RMT56/server/models/user.js","statementMap":{"0":{"start":{"line":2,"column":18},"end":{"line":2,"column":38}},"1":{"start":{"line":3,"column":25},"end":{"line":3,"column":53}},"2":{"start":{"line":4,"column":0},"end":{"line":61,"column":2}},"3":{"start":{"line":13,"column":6},"end":{"line":15,"column":9}},"4":{"start":{"line":16,"column":6},"end":{"line":19,"column":9}},"5":{"start":{"line":22,"column":2},"end":{"line":59,"column":4}},"6":{"start":{"line":51,"column":10},"end":{"line":53,"column":11}},"7":{"start":{"line":52,"column":12},"end":{"line":52,"column":56}},"8":{"start":{"line":60,"column":2},"end":{"line":60,"column":14}}},"fnMap":{"0":{"name":"(anonymous_0)","decl":{"start":{"line":4,"column":17},"end":{"line":4,"column":18}},"loc":{"start":{"line":4,"column":43},"end":{"line":61,"column":1}},"line":4},"1":{"name":"(anonymous_1)","decl":{"start":{"line":11,"column":4},"end":{"line":11,"column":5}},"loc":{"start":{"line":11,"column":29},"end":{"line":20,"column":5}},"line":11},"2":{"name":"(anonymous_2)","decl":{"start":{"line":50,"column":22},"end":{"line":50,"column":23}},"loc":{"start":{"line":50,"column":32},"end":{"line":54,"column":9}},"line":50}},"branchMap":{"0":{"loc":{"start":{"line":51,"column":10},"end":{"line":53,"column":11}},"type":"if","locations":[{"start":{"line":51,"column":10},"end":{"line":53,"column":11}},{"start":{},"end":{}}],"line":51}},"s":{"0":4,"1":4,"2":4,"3":4,"4":4,"5":4,"6":2,"7":2,"8":4},"f":{"0":4,"1":4,"2":2},"b":{"0":[2,0]},"_coverageSchema":"1a1c01bbd47fc00a2c39e90264f33305004495a9","hash":"00d5fc4ef3b86160c4359479907f61277f8abb80"}
,"/Users/joshua/Documents/Kuliah/Hacktive8/phase-2/IP-RMT56/server/models/userdrug.js": {"path":"/Users/joshua/Documents/Kuliah/Hacktive8/phase-2/IP-RMT56/server/models/userdrug.js","statementMap":{"0":{"start":{"line":2,"column":18},"end":{"line":2,"column":38}},"1":{"start":{"line":3,"column":0},"end":{"line":31,"column":2}},"2":{"start":{"line":12,"column":6},"end":{"line":12,"column":64}},"3":{"start":{"line":13,"column":6},"end":{"line":13,"column":64}},"4":{"start":{"line":16,"column":2},"end":{"line":29,"column":4}},"5":{"start":{"line":30,"column":2},"end":{"line":30,"column":18}}},"fnMap":{"0":{"name":"(anonymous_0)","decl":{"start":{"line":3,"column":17},"end":{"line":3,"column":18}},"loc":{"start":{"line":3,"column":43},"end":{"line":31,"column":1}},"line":3},"1":{"name":"(anonymous_1)","decl":{"start":{"line":10,"column":4},"end":{"line":10,"column":5}},"loc":{"start":{"line":10,"column":29},"end":{"line":14,"column":5}},"line":10}},"branchMap":{},"s":{"0":4,"1":4,"2":4,"3":4,"4":4,"5":4},"f":{"0":4,"1":4},"b":{},"_coverageSchema":"1a1c01bbd47fc00a2c39e90264f33305004495a9","hash":"69c089a90d2a1f588152e649b7d54f10ce0de3fc"}
,"/Users/joshua/Documents/Kuliah/Hacktive8/phase-2/IP-RMT56/server/routers/index.js": {"path":"/Users/joshua/Documents/Kuliah/Hacktive8/phase-2/IP-RMT56/server/routers/index.js","statementMap":{"0":{"start":{"line":1,"column":15},"end":{"line":1,"column":42}},"1":{"start":{"line":2,"column":23},"end":{"line":2,"column":59}},"2":{"start":{"line":3,"column":27},"end":{"line":3,"column":67}},"3":{"start":{"line":5,"column":0},"end":{"line":11,"column":3}},"4":{"start":{"line":6,"column":2},"end":{"line":10,"column":5}},"5":{"start":{"line":13,"column":0},"end":{"line":13,"column":49}},"6":{"start":{"line":14,"column":0},"end":{"line":14,"column":62}},"7":{"start":{"line":15,"column":0},"end":{"line":15,"column":43}},"8":{"start":{"line":16,"column":0},"end":{"line":16,"column":56}},"9":{"start":{"line":18,"column":0},"end":{"line":18,"column":27}},"10":{"start":{"line":19,"column":0},"end":{"line":19,"column":59}},"11":{"start":{"line":20,"column":0},"end":{"line":20,"column":48}},"12":{"start":{"line":21,"column":0},"end":{"line":21,"column":52}},"13":{"start":{"line":22,"column":0},"end":{"line":22,"column":50}},"14":{"start":{"line":23,"column":0},"end":{"line":23,"column":53}},"15":{"start":{"line":24,"column":0},"end":{"line":24,"column":59}},"16":{"start":{"line":25,"column":0},"end":{"line":25,"column":60}},"17":{"start":{"line":26,"column":0},"end":{"line":26,"column":66}},"18":{"start":{"line":27,"column":0},"end":{"line":27,"column":69}},"19":{"start":{"line":28,"column":0},"end":{"line":28,"column":53}},"20":{"start":{"line":30,"column":0},"end":{"line":30,"column":24}}},"fnMap":{"0":{"name":"(anonymous_0)","decl":{"start":{"line":5,"column":16},"end":{"line":5,"column":17}},"loc":{"start":{"line":5,"column":30},"end":{"line":11,"column":1}},"line":5}},"branchMap":{},"s":{"0":4,"1":4,"2":4,"3":4,"4":0,"5":4,"6":4,"7":4,"8":4,"9":4,"10":4,"11":4,"12":4,"13":4,"14":4,"15":4,"16":4,"17":4,"18":4,"19":4,"20":4},"f":{"0":0},"b":{},"_coverageSchema":"1a1c01bbd47fc00a2c39e90264f33305004495a9","hash":"df4ddd47dd159b0fa251c02627aa54df0958c356"}
}
