TN:
SF:app.js
FNF:0
FNH:0
DA:1,4
DA:2,4
DA:4,4
DA:5,4
DA:6,4
DA:8,4
DA:10,4
DA:12,4
DA:14,4
DA:15,4
DA:33,4
DA:151,4
DA:153,4
LF:13
LH:13
BRDA:1,0,0,4
BRDA:1,0,1,0
BRF:2
BRH:1
end_of_record
TN:
SF:.api/apis/pplx/index.js
FN:2,(anonymous_0)
FN:8,(anonymous_1)
FN:9,SDK
FN:20,(anonymous_3)
FN:44,(anonymous_4)
FN:72,(anonymous_5)
FN:82,(anonymous_6)
FN:87,(anonymous_7)
FNF:8
FNH:6
FNDA:12,(anonymous_0)
FNDA:4,(anonymous_1)
FNDA:4,SDK
FNDA:0,(anonymous_3)
FNDA:2,(anonymous_4)
FNDA:0,(anonymous_5)
FNDA:2,(anonymous_6)
FNDA:4,(anonymous_7)
DA:2,4
DA:3,12
DA:5,4
DA:6,4
DA:7,4
DA:8,4
DA:10,4
DA:11,4
DA:20,4
DA:21,0
DA:44,4
DA:46,2
DA:47,2
DA:48,2
DA:50,2
DA:51,2
DA:72,4
DA:73,0
DA:74,0
DA:82,4
DA:83,2
DA:85,4
DA:87,4
DA:88,4
LF:24
LH:21
BRDA:2,0,0,4
BRDA:2,0,1,4
BRDA:2,0,2,4
BRDA:3,1,0,8
BRDA:3,1,1,4
BRDA:3,2,0,12
BRDA:3,2,1,12
BRDA:73,3,0,0
BRDA:73,3,1,0
BRF:9
BRH:7
end_of_record
TN:
SF:controllers/controller.js
FN:11,(anonymous_0)
FN:30,(anonymous_1)
FN:54,(anonymous_2)
FN:75,(anonymous_3)
FN:93,(anonymous_4)
FN:143,(anonymous_5)
FN:177,(anonymous_6)
FN:186,(anonymous_7)
FN:197,(anonymous_8)
FN:245,(anonymous_9)
FN:266,(anonymous_10)
FN:288,(anonymous_11)
FN:311,(anonymous_12)
FN:330,(anonymous_13)
FNF:14
FNH:11
FNDA:4,(anonymous_0)
FNDA:4,(anonymous_1)
FNDA:0,(anonymous_2)
FNDA:0,(anonymous_3)
FNDA:1,(anonymous_4)
FNDA:1,(anonymous_5)
FNDA:1,(anonymous_6)
FNDA:1,(anonymous_7)
FNDA:1,(anonymous_8)
FNDA:1,(anonymous_9)
FNDA:1,(anonymous_10)
FNDA:2,(anonymous_11)
FNDA:1,(anonymous_12)
FNDA:0,(anonymous_13)
DA:1,4
DA:2,4
DA:3,4
DA:4,4
DA:5,4
DA:6,4
DA:7,4
DA:8,4
DA:12,4
DA:13,4
DA:14,4
DA:15,1
DA:17,3
DA:18,1
DA:20,2
DA:21,1
DA:22,1
DA:26,3
DA:31,4
DA:32,4
DA:33,4
DA:34,1
DA:36,3
DA:37,1
DA:39,2
DA:40,2
DA:41,0
DA:43,2
DA:44,2
DA:45,1
DA:47,1
DA:48,1
DA:50,3
DA:55,0
DA:56,0
DA:60,0
DA:62,0
DA:66,0
DA:67,0
DA:71,0
DA:76,0
DA:77,0
DA:81,0
DA:83,0
DA:86,0
DA:87,0
DA:89,0
DA:94,1
DA:102,1
DA:104,1
DA:115,1
DA:117,1
DA:127,1
DA:139,0
DA:144,1
DA:145,1
DA:148,1
DA:149,1
DA:150,0
DA:156,1
DA:157,0
DA:159,1
DA:161,1
DA:162,1
DA:163,1
DA:164,1
DA:165,1
DA:166,1
DA:173,0
DA:178,1
DA:179,1
DA:180,1
DA:182,0
DA:187,1
DA:188,1
DA:191,1
DA:193,0
DA:198,1
DA:206,1
DA:208,1
DA:219,1
DA:220,1
DA:236,1
DA:241,0
DA:246,1
DA:247,1
DA:260,1
DA:262,0
DA:267,1
DA:268,1
DA:269,1
DA:277,1
DA:284,0
DA:289,2
DA:290,2
DA:291,2
DA:292,2
DA:293,2
DA:294,1
DA:296,1
DA:297,0
DA:299,1
DA:303,1
DA:307,1
DA:312,1
DA:313,1
DA:314,1
DA:315,1
DA:316,0
DA:318,1
DA:319,0
DA:321,1
DA:322,1
DA:326,0
DA:331,0
DA:332,0
DA:346,0
DA:348,0
DA:353,4
LF:119
LH:87
BRDA:14,0,0,1
BRDA:14,0,1,3
BRDA:17,1,0,1
BRDA:17,1,1,2
BRDA:33,2,0,1
BRDA:33,2,1,3
BRDA:36,3,0,1
BRDA:36,3,1,2
BRDA:40,4,0,0
BRDA:40,4,1,2
BRDA:44,5,0,1
BRDA:44,5,1,1
BRDA:149,6,0,0
BRDA:149,6,1,1
BRDA:156,7,0,0
BRDA:156,7,1,1
BRDA:161,8,0,1
BRDA:161,8,1,1
BRDA:162,9,0,1
BRDA:162,9,1,1
BRDA:167,10,0,1
BRDA:167,10,1,0
BRDA:170,11,0,1
BRDA:170,11,1,0
BRDA:293,12,0,1
BRDA:293,12,1,1
BRDA:296,13,0,0
BRDA:296,13,1,1
BRDA:315,14,0,0
BRDA:315,14,1,1
BRDA:318,15,0,0
BRDA:318,15,1,1
BRF:32
BRH:24
end_of_record
TN:
SF:helpers/bcrypt.js
FN:2,(anonymous_0)
FN:7,(anonymous_1)
FNF:2
FNH:2
FNDA:6,(anonymous_0)
FNDA:2,(anonymous_1)
DA:1,4
DA:2,4
DA:3,6
DA:4,6
DA:7,4
DA:8,2
DA:11,4
LF:7
LH:7
BRF:0
BRH:0
end_of_record
TN:
SF:helpers/jwt.js
FN:3,(anonymous_0)
FN:7,(anonymous_1)
FNF:2
FNH:2
FNDA:4,(anonymous_0)
FNDA:15,(anonymous_1)
DA:1,4
DA:2,4
DA:3,4
DA:4,4
DA:7,4
DA:8,15
DA:11,4
LF:7
LH:7
BRF:0
BRH:0
end_of_record
TN:
SF:helpers/pplxai.js
FN:5,(anonymous_0)
FNF:1
FNH:1
FNDA:2,(anonymous_0)
DA:1,4
DA:3,4
DA:5,4
DA:6,2
DA:7,2
DA:8,2
DA:21,2
DA:22,2
DA:24,0
DA:25,0
DA:29,4
LF:11
LH:9
BRF:0
BRH:0
end_of_record
TN:
SF:middlewares/authentication.js
FN:4,authentication
FNF:1
FNH:1
FNDA:15,authentication
DA:1,4
DA:2,4
DA:5,15
DA:6,15
DA:8,15
DA:9,0
DA:11,15
DA:12,15
DA:13,0
DA:16,15
DA:17,10
DA:18,10
DA:19,0
DA:22,10
DA:23,10
DA:25,5
DA:29,4
LF:17
LH:14
BRDA:8,0,0,0
BRDA:8,0,1,15
BRDA:12,1,0,0
BRDA:12,1,1,15
BRDA:18,2,0,0
BRDA:18,2,1,10
BRF:6
BRH:3
end_of_record
TN:
SF:middlewares/errorHandler.js
FN:1,errorHandler
FNF:1
FNH:1
FNDA:12,errorHandler
DA:2,12
DA:3,12
DA:6,1
DA:8,4
DA:10,1
DA:12,0
DA:14,1
DA:16,5
DA:18,0
DA:22,4
LF:10
LH:8
BRDA:3,0,0,0
BRDA:3,0,1,1
BRDA:3,0,2,4
BRDA:3,0,3,1
BRDA:3,0,4,0
BRDA:3,0,5,1
BRDA:3,0,6,5
BRDA:3,0,7,0
BRF:8
BRH:5
end_of_record
TN:
SF:models/drug.js
FN:3,(anonymous_0)
FN:10,(anonymous_1)
FNF:2
FNH:2
FNDA:4,(anonymous_0)
FNDA:4,(anonymous_1)
DA:2,4
DA:3,4
DA:12,4
DA:18,4
DA:31,4
LF:5
LH:5
BRF:0
BRH:0
end_of_record
TN:
SF:models/index.js
FN:21,(anonymous_0)
FN:29,(anonymous_1)
FN:34,(anonymous_2)
FNF:3
FNH:3
FNDA:20,(anonymous_0)
FNDA:16,(anonymous_1)
FNDA:16,(anonymous_2)
DA:3,4
DA:4,4
DA:5,4
DA:6,4
DA:7,4
DA:8,4
DA:9,4
DA:10,4
DA:13,4
DA:14,0
DA:16,4
DA:19,4
DA:22,20
DA:30,16
DA:31,16
DA:34,4
DA:35,16
DA:36,16
DA:40,4
DA:41,4
DA:43,4
LF:21
LH:20
BRDA:8,0,0,4
BRDA:8,0,1,0
BRDA:13,1,0,0
BRDA:13,1,1,4
BRDA:23,2,0,20
BRDA:23,2,1,20
BRDA:23,2,2,16
BRDA:23,2,3,16
BRDA:35,3,0,16
BRDA:35,3,1,0
BRF:10
BRH:7
end_of_record
TN:
SF:models/profile.js
FN:3,(anonymous_0)
FN:10,(anonymous_1)
FNF:2
FNH:2
FNDA:4,(anonymous_0)
FNDA:4,(anonymous_1)
DA:2,4
DA:3,4
DA:12,4
DA:17,4
DA:33,4
LF:5
LH:5
BRF:0
BRH:0
end_of_record
TN:
SF:models/user.js
FN:4,(anonymous_0)
FN:11,(anonymous_1)
FN:50,(anonymous_2)
FNF:3
FNH:3
FNDA:4,(anonymous_0)
FNDA:4,(anonymous_1)
FNDA:2,(anonymous_2)
DA:2,4
DA:3,4
DA:4,4
DA:13,4
DA:16,4
DA:22,4
DA:51,2
DA:52,2
DA:60,4
LF:9
LH:9
BRDA:51,0,0,2
BRDA:51,0,1,0
BRF:2
BRH:1
end_of_record
TN:
SF:models/userdrug.js
FN:3,(anonymous_0)
FN:10,(anonymous_1)
FNF:2
FNH:2
FNDA:4,(anonymous_0)
FNDA:4,(anonymous_1)
DA:2,4
DA:3,4
DA:12,4
DA:13,4
DA:16,4
DA:30,4
LF:6
LH:6
BRF:0
BRH:0
end_of_record
TN:
SF:routers/index.js
FN:5,(anonymous_0)
FNF:1
FNH:0
FNDA:0,(anonymous_0)
DA:1,4
DA:2,4
DA:3,4
DA:5,4
DA:6,0
DA:13,4
DA:14,4
DA:15,4
DA:16,4
DA:18,4
DA:19,4
DA:20,4
DA:21,4
DA:22,4
DA:23,4
DA:24,4
DA:25,4
DA:26,4
DA:27,4
DA:28,4
DA:30,4
LF:21
LH:20
BRF:0
BRH:0
end_of_record
